<?xml version="1.0" encoding="UTF-8"?>
<!-- Generated by org.testng.reporters.JUnitReportReporter -->
<testsuite hostname="DESKTOP-C27HO6T" failures="0" tests="1" name="dynamicSeleniumElements.DynamicXpathHaldle" time="15.805" errors="0" timestamp="2024-05-29T10:09:50 IST" skipped="0">
  <testcase classname="dynamicSeleniumElements.DynamicXpathHaldle" name="checkTable" time="15.805"/>
</testsuite> <!-- dynamicSeleniumElements.DynamicXpathHaldle -->
