<?xml version="1.0" encoding="UTF-8"?>
<!-- Generated by org.testng.reporters.JUnitReportReporter -->
<testsuite hostname="DESKTOP-C27HO6T" failures="0" tests="1" name="dynamicSeleniumElements.DynamicXpathHaldle" time="11.014" errors="0" timestamp="2024-05-21T06:05:16 IST" skipped="0">
  <testcase classname="dynamicSeleniumElements.DynamicXpathHaldle" name="checkTable" time="11.014"/>
</testsuite> <!-- dynamicSeleniumElements.DynamicXpathHaldle -->
